 
****************************************
Report : area
Design : dlx_processor
Version: S-2021.06-SP4
Date   : Thu Oct 19 21:55:48 2023
****************************************

Library(s) Used:

    NangateOpenCellLibrary (File: /home/mariagrazia.graziano/do/libnangate/NangateOpenCellLibrary_typical_ecsm.db)

Number of ports:                          526
Number of nets:                          5071
Number of cells:                         4596
Number of combinational cells:           3113
Number of sequential cells:              1436
Number of macros/black boxes:               0
Number of buf/inv:                        395
Number of references:                      40

Combinational area:               3693.942067
Buf/Inv area:                      250.571998
Noncombinational area:            7550.410239
Macro/Black Box area:                0.000000
Net Interconnect area:      undefined  (Wire load has zero net area)

Total cell area:                 11244.352305
Total area:                 undefined
1
